<?xml version="1.0" encoding="UTF-8"?>
<robot generator="Robot 6.1.1 (Python 3.12.1 on win32)" generated="20240109 15:25:29.252" rpa="false" schemaversion="4">
<suite id="s1" name="Signin" source="F:\Mandiri\SanberCode\Team6-quiz4\suites\signin.robot">
<test id="s1-t1" name="User should be able to login with valid credentials" line="11">
<kw name="Open Flight Application" library="base">
<kw name="Open Application" library="AppiumLibrary">
<arg>remote_url=${REMOTE_URL}</arg>
<arg>platformName=${PLATFORM_NAME}</arg>
<arg>platformVersion=${PLATFORM_VERSION}</arg>
<arg>deviceName=${DEVICE_NAME}</arg>
<arg>appPackage=${APP_PACKAGE}</arg>
<arg>appActivity=${APP_ACTIVITY}</arg>
<doc>Opens a new application to given Appium server.
Capabilities of appium server, Android and iOS,
Please check https://github.com/appium/appium/blob/master/docs/en/writing-running-appium/server-args.md
| *Option*            | *Man.* | *Description*     |
| remote_url          | Yes    | Appium server url |
| alias               | no     | alias             |
| strict_ssl          | No     | allows you to send commands to an invalid certificate host like a self-signed one. |</doc>
<status status="PASS" starttime="20240109 15:25:29.489" endtime="20240109 15:25:40.298"/>
</kw>
<status status="PASS" starttime="20240109 15:25:29.489" endtime="20240109 15:25:40.298"/>
</kw>
<kw name="Click Sign In Button On Home Page" library="signinObject">
<kw name="Wait Until Element Is Visible" library="AppiumLibrary">
<arg>${signIn_button_homePage}</arg>
<doc>Waits until element specified with `locator` is visible.</doc>
<msg timestamp="20240109 15:25:41.696" level="INFO">xpath criteria: //android.widget.Button[@resource-id="com.example.myapplication:id/login"]</msg>
<status status="PASS" starttime="20240109 15:25:40.300" endtime="20240109 15:25:41.696"/>
</kw>
<kw name="Click Element" library="AppiumLibrary">
<arg>${signIn_button_homePage}</arg>
<doc>Click element identified by `locator`.</doc>
<msg timestamp="20240109 15:25:41.699" level="INFO">Clicking element '//android.widget.Button[@resource-id="com.example.myapplication:id/login"]'.</msg>
<msg timestamp="20240109 15:25:41.835" level="INFO">xpath criteria: //android.widget.Button[@resource-id="com.example.myapplication:id/login"]</msg>
<status status="PASS" starttime="20240109 15:25:41.697" endtime="20240109 15:25:41.835"/>
</kw>
<status status="PASS" starttime="20240109 15:25:40.299" endtime="20240109 15:25:41.836"/>
</kw>
<kw name="Verify Login Page Appears" library="signinObject">
<kw name="Wait Until Element Is Visible" library="AppiumLibrary">
<arg>${email_input_signinPage}</arg>
<doc>Waits until element specified with `locator` is visible.</doc>
<msg timestamp="20240109 15:25:43.069" level="INFO">xpath criteria: //android.widget.EditText[@resource-id="com.example.myapplication:id/username"]
xpath criteria: //android.widget.EditText[@resource-id="com.example.myapplication:id/username"]</msg>
<status status="PASS" starttime="20240109 15:25:41.837" endtime="20240109 15:25:43.069"/>
</kw>
<status status="PASS" starttime="20240109 15:25:41.836" endtime="20240109 15:25:43.069"/>
</kw>
<kw name="Input Email On Login Page" library="signinObject">
<arg>${VALID_EMAIL}</arg>
<kw name="Input Text" library="AppiumLibrary">
<arg>${email_input_signinPage}</arg>
<arg>${email}</arg>
<doc>Types the given `text` into text field identified by `locator`.</doc>
<msg timestamp="20240109 15:25:43.073" level="INFO">Typing text 'support@ngendigital.com' into text field '//android.widget.EditText[@resource-id="com.example.myapplication:id/username"]'</msg>
<msg timestamp="20240109 15:25:43.197" level="INFO">xpath criteria: //android.widget.EditText[@resource-id="com.example.myapplication:id/username"]</msg>
<status status="PASS" starttime="20240109 15:25:43.070" endtime="20240109 15:25:43.197"/>
</kw>
<status status="PASS" starttime="20240109 15:25:43.069" endtime="20240109 15:25:43.198"/>
</kw>
<kw name="Input Password On Login Page" library="signinObject">
<arg>${VALID_PASSWORD}</arg>
<kw name="Input Text" library="AppiumLibrary">
<arg>${password_input_signinPage}</arg>
<arg>${password}</arg>
<doc>Types the given `text` into text field identified by `locator`.</doc>
<msg timestamp="20240109 15:25:43.203" level="INFO">Typing text 'abc123' into text field '//android.widget.EditText[@resource-id="com.example.myapplication:id/password"]'</msg>
<msg timestamp="20240109 15:25:43.795" level="INFO">xpath criteria: //android.widget.EditText[@resource-id="com.example.myapplication:id/password"]</msg>
<status status="PASS" starttime="20240109 15:25:43.199" endtime="20240109 15:25:43.795"/>
</kw>
<status status="PASS" starttime="20240109 15:25:43.198" endtime="20240109 15:25:43.795"/>
</kw>
<kw name="Click Sign In Button On Login Page" library="signinObject">
<kw name="Click Element" library="AppiumLibrary">
<arg>${signIn_button_signinPage}</arg>
<doc>Click element identified by `locator`.</doc>
<msg timestamp="20240109 15:25:43.801" level="INFO">Clicking element '//android.widget.Button[@resource-id="com.example.myapplication:id/signIn"]'.</msg>
<msg timestamp="20240109 15:25:44.405" level="INFO">xpath criteria: //android.widget.Button[@resource-id="com.example.myapplication:id/signIn"]</msg>
<status status="PASS" starttime="20240109 15:25:43.796" endtime="20240109 15:25:44.405"/>
</kw>
<status status="PASS" starttime="20240109 15:25:43.796" endtime="20240109 15:25:44.407"/>
</kw>
<kw name="Verify User Is Logged In" library="signinObject">
<kw name="Wait Until Element Is Visible" library="AppiumLibrary">
<arg>${username_text_homePage}</arg>
<doc>Waits until element specified with `locator` is visible.</doc>
<msg timestamp="20240109 15:25:45.273" level="INFO">xpath criteria: //android.widget.TextView[@resource-id="com.example.myapplication:id/textView"]
xpath criteria: //android.widget.TextView[@resource-id="com.example.myapplication:id/textView"]</msg>
<status status="PASS" starttime="20240109 15:25:44.408" endtime="20240109 15:25:45.273"/>
</kw>
<status status="PASS" starttime="20240109 15:25:44.407" endtime="20240109 15:25:45.274"/>
</kw>
<kw name="Close Flight Application" library="base">
<kw name="Close Application" library="AppiumLibrary">
<doc>Closes the current application and also close webdriver session.</doc>
<status status="PASS" starttime="20240109 15:25:45.274" endtime="20240109 15:25:46.695"/>
</kw>
<status status="PASS" starttime="20240109 15:25:45.274" endtime="20240109 15:25:46.695"/>
</kw>
<status status="PASS" starttime="20240109 15:25:29.488" endtime="20240109 15:25:46.701"/>
</test>
<test id="s1-t2" name="User should not be able to login with invalid email" line="29">
<kw name="Open Flight Application" library="base">
<kw name="Open Application" library="AppiumLibrary">
<arg>remote_url=${REMOTE_URL}</arg>
<arg>platformName=${PLATFORM_NAME}</arg>
<arg>platformVersion=${PLATFORM_VERSION}</arg>
<arg>deviceName=${DEVICE_NAME}</arg>
<arg>appPackage=${APP_PACKAGE}</arg>
<arg>appActivity=${APP_ACTIVITY}</arg>
<doc>Opens a new application to given Appium server.
Capabilities of appium server, Android and iOS,
Please check https://github.com/appium/appium/blob/master/docs/en/writing-running-appium/server-args.md
| *Option*            | *Man.* | *Description*     |
| remote_url          | Yes    | Appium server url |
| alias               | no     | alias             |
| strict_ssl          | No     | allows you to send commands to an invalid certificate host like a self-signed one. |</doc>
<status status="PASS" starttime="20240109 15:25:46.704" endtime="20240109 15:25:57.556"/>
</kw>
<status status="PASS" starttime="20240109 15:25:46.703" endtime="20240109 15:25:57.556"/>
</kw>
<kw name="Click Sign In Button On Home Page" library="signinObject">
<kw name="Wait Until Element Is Visible" library="AppiumLibrary">
<arg>${signIn_button_homePage}</arg>
<doc>Waits until element specified with `locator` is visible.</doc>
<msg timestamp="20240109 15:25:59.233" level="INFO">xpath criteria: //android.widget.Button[@resource-id="com.example.myapplication:id/login"]</msg>
<status status="PASS" starttime="20240109 15:25:57.558" endtime="20240109 15:25:59.233"/>
</kw>
<kw name="Click Element" library="AppiumLibrary">
<arg>${signIn_button_homePage}</arg>
<doc>Click element identified by `locator`.</doc>
<msg timestamp="20240109 15:25:59.238" level="INFO">Clicking element '//android.widget.Button[@resource-id="com.example.myapplication:id/login"]'.</msg>
<msg timestamp="20240109 15:25:59.399" level="INFO">xpath criteria: //android.widget.Button[@resource-id="com.example.myapplication:id/login"]</msg>
<status status="PASS" starttime="20240109 15:25:59.233" endtime="20240109 15:25:59.399"/>
</kw>
<status status="PASS" starttime="20240109 15:25:57.557" endtime="20240109 15:25:59.399"/>
</kw>
<kw name="Verify Login Page Appears" library="signinObject">
<kw name="Wait Until Element Is Visible" library="AppiumLibrary">
<arg>${email_input_signinPage}</arg>
<doc>Waits until element specified with `locator` is visible.</doc>
<msg timestamp="20240109 15:26:00.574" level="INFO">xpath criteria: //android.widget.EditText[@resource-id="com.example.myapplication:id/username"]
xpath criteria: //android.widget.EditText[@resource-id="com.example.myapplication:id/username"]</msg>
<status status="PASS" starttime="20240109 15:25:59.400" endtime="20240109 15:26:00.574"/>
</kw>
<status status="PASS" starttime="20240109 15:25:59.399" endtime="20240109 15:26:00.574"/>
</kw>
<kw name="Input Email On Login Page" library="signinObject">
<arg>${INVALID_EMAIL}</arg>
<kw name="Input Text" library="AppiumLibrary">
<arg>${email_input_signinPage}</arg>
<arg>${email}</arg>
<doc>Types the given `text` into text field identified by `locator`.</doc>
<msg timestamp="20240109 15:26:00.578" level="INFO">Typing text 'examplemail@gmail.com' into text field '//android.widget.EditText[@resource-id="com.example.myapplication:id/username"]'</msg>
<msg timestamp="20240109 15:26:00.710" level="INFO">xpath criteria: //android.widget.EditText[@resource-id="com.example.myapplication:id/username"]</msg>
<status status="PASS" starttime="20240109 15:26:00.576" endtime="20240109 15:26:00.710"/>
</kw>
<status status="PASS" starttime="20240109 15:26:00.576" endtime="20240109 15:26:00.711"/>
</kw>
<kw name="Input Password On Login Page" library="signinObject">
<arg>${VALID_PASSWORD}</arg>
<kw name="Input Text" library="AppiumLibrary">
<arg>${password_input_signinPage}</arg>
<arg>${password}</arg>
<doc>Types the given `text` into text field identified by `locator`.</doc>
<msg timestamp="20240109 15:26:00.715" level="INFO">Typing text 'abc123' into text field '//android.widget.EditText[@resource-id="com.example.myapplication:id/password"]'</msg>
<msg timestamp="20240109 15:26:01.574" level="INFO">xpath criteria: //android.widget.EditText[@resource-id="com.example.myapplication:id/password"]</msg>
<status status="PASS" starttime="20240109 15:26:00.712" endtime="20240109 15:26:01.575"/>
</kw>
<status status="PASS" starttime="20240109 15:26:00.711" endtime="20240109 15:26:01.575"/>
</kw>
<kw name="Click Sign In Button On Login Page" library="signinObject">
<kw name="Click Element" library="AppiumLibrary">
<arg>${signIn_button_signinPage}</arg>
<doc>Click element identified by `locator`.</doc>
<msg timestamp="20240109 15:26:01.577" level="INFO">Clicking element '//android.widget.Button[@resource-id="com.example.myapplication:id/signIn"]'.</msg>
<msg timestamp="20240109 15:26:02.155" level="INFO">xpath criteria: //android.widget.Button[@resource-id="com.example.myapplication:id/signIn"]</msg>
<status status="PASS" starttime="20240109 15:26:01.576" endtime="20240109 15:26:02.155"/>
</kw>
<status status="PASS" starttime="20240109 15:26:01.575" endtime="20240109 15:26:02.156"/>
</kw>
<kw name="Verify User Is Not Logged In" library="signinObject">
<kw name="Wait Until Element Is Visible" library="AppiumLibrary">
<arg>${signIn_button_signinPage}</arg>
<doc>Waits until element specified with `locator` is visible.</doc>
<msg timestamp="20240109 15:26:02.738" level="INFO">xpath criteria: //android.widget.Button[@resource-id="com.example.myapplication:id/signIn"]</msg>
<status status="PASS" starttime="20240109 15:26:02.157" endtime="20240109 15:26:02.739"/>
</kw>
<status status="PASS" starttime="20240109 15:26:02.156" endtime="20240109 15:26:02.739"/>
</kw>
<kw name="Close Flight Application" library="base">
<kw name="Close Application" library="AppiumLibrary">
<doc>Closes the current application and also close webdriver session.</doc>
<status status="PASS" starttime="20240109 15:26:02.739" endtime="20240109 15:26:03.565"/>
</kw>
<status status="PASS" starttime="20240109 15:26:02.739" endtime="20240109 15:26:03.565"/>
</kw>
<status status="PASS" starttime="20240109 15:25:46.703" endtime="20240109 15:26:03.567"/>
</test>
<test id="s1-t3" name="User should not be able to login with invalid password" line="47">
<kw name="Open Flight Application" library="base">
<kw name="Open Application" library="AppiumLibrary">
<arg>remote_url=${REMOTE_URL}</arg>
<arg>platformName=${PLATFORM_NAME}</arg>
<arg>platformVersion=${PLATFORM_VERSION}</arg>
<arg>deviceName=${DEVICE_NAME}</arg>
<arg>appPackage=${APP_PACKAGE}</arg>
<arg>appActivity=${APP_ACTIVITY}</arg>
<doc>Opens a new application to given Appium server.
Capabilities of appium server, Android and iOS,
Please check https://github.com/appium/appium/blob/master/docs/en/writing-running-appium/server-args.md
| *Option*            | *Man.* | *Description*     |
| remote_url          | Yes    | Appium server url |
| alias               | no     | alias             |
| strict_ssl          | No     | allows you to send commands to an invalid certificate host like a self-signed one. |</doc>
<status status="PASS" starttime="20240109 15:26:03.571" endtime="20240109 15:26:13.553"/>
</kw>
<status status="PASS" starttime="20240109 15:26:03.570" endtime="20240109 15:26:13.553"/>
</kw>
<kw name="Click Sign In Button On Home Page" library="signinObject">
<kw name="Wait Until Element Is Visible" library="AppiumLibrary">
<arg>${signIn_button_homePage}</arg>
<doc>Waits until element specified with `locator` is visible.</doc>
<msg timestamp="20240109 15:26:15.103" level="INFO">xpath criteria: //android.widget.Button[@resource-id="com.example.myapplication:id/login"]</msg>
<status status="PASS" starttime="20240109 15:26:13.555" endtime="20240109 15:26:15.103"/>
</kw>
<kw name="Click Element" library="AppiumLibrary">
<arg>${signIn_button_homePage}</arg>
<doc>Click element identified by `locator`.</doc>
<msg timestamp="20240109 15:26:15.105" level="INFO">Clicking element '//android.widget.Button[@resource-id="com.example.myapplication:id/login"]'.</msg>
<msg timestamp="20240109 15:26:15.292" level="INFO">xpath criteria: //android.widget.Button[@resource-id="com.example.myapplication:id/login"]</msg>
<status status="PASS" starttime="20240109 15:26:15.103" endtime="20240109 15:26:15.292"/>
</kw>
<status status="PASS" starttime="20240109 15:26:13.553" endtime="20240109 15:26:15.292"/>
</kw>
<kw name="Verify Login Page Appears" library="signinObject">
<kw name="Wait Until Element Is Visible" library="AppiumLibrary">
<arg>${email_input_signinPage}</arg>
<doc>Waits until element specified with `locator` is visible.</doc>
<msg timestamp="20240109 15:26:16.202" level="INFO">xpath criteria: //android.widget.EditText[@resource-id="com.example.myapplication:id/username"]</msg>
<status status="PASS" starttime="20240109 15:26:15.293" endtime="20240109 15:26:16.202"/>
</kw>
<status status="PASS" starttime="20240109 15:26:15.292" endtime="20240109 15:26:16.203"/>
</kw>
<kw name="Input Email On Login Page" library="signinObject">
<arg>${VALID_EMAIL}</arg>
<kw name="Input Text" library="AppiumLibrary">
<arg>${email_input_signinPage}</arg>
<arg>${email}</arg>
<doc>Types the given `text` into text field identified by `locator`.</doc>
<msg timestamp="20240109 15:26:16.208" level="INFO">Typing text 'support@ngendigital.com' into text field '//android.widget.EditText[@resource-id="com.example.myapplication:id/username"]'</msg>
<msg timestamp="20240109 15:26:16.347" level="INFO">xpath criteria: //android.widget.EditText[@resource-id="com.example.myapplication:id/username"]</msg>
<status status="PASS" starttime="20240109 15:26:16.204" endtime="20240109 15:26:16.347"/>
</kw>
<status status="PASS" starttime="20240109 15:26:16.203" endtime="20240109 15:26:16.347"/>
</kw>
<kw name="Input Password On Login Page" library="signinObject">
<arg>${INVALID_PASSWORD}</arg>
<kw name="Input Text" library="AppiumLibrary">
<arg>${password_input_signinPage}</arg>
<arg>${password}</arg>
<doc>Types the given `text` into text field identified by `locator`.</doc>
<msg timestamp="20240109 15:26:16.350" level="INFO">Typing text '123Abc' into text field '//android.widget.EditText[@resource-id="com.example.myapplication:id/password"]'</msg>
<msg timestamp="20240109 15:26:16.969" level="INFO">xpath criteria: //android.widget.EditText[@resource-id="com.example.myapplication:id/password"]</msg>
<status status="PASS" starttime="20240109 15:26:16.348" endtime="20240109 15:26:16.969"/>
</kw>
<status status="PASS" starttime="20240109 15:26:16.348" endtime="20240109 15:26:16.969"/>
</kw>
<kw name="Click Sign In Button On Login Page" library="signinObject">
<kw name="Click Element" library="AppiumLibrary">
<arg>${signIn_button_signinPage}</arg>
<doc>Click element identified by `locator`.</doc>
<msg timestamp="20240109 15:26:16.973" level="INFO">Clicking element '//android.widget.Button[@resource-id="com.example.myapplication:id/signIn"]'.</msg>
<msg timestamp="20240109 15:26:17.534" level="INFO">xpath criteria: //android.widget.Button[@resource-id="com.example.myapplication:id/signIn"]</msg>
<status status="PASS" starttime="20240109 15:26:16.971" endtime="20240109 15:26:17.534"/>
</kw>
<status status="PASS" starttime="20240109 15:26:16.969" endtime="20240109 15:26:17.534"/>
</kw>
<kw name="Verify User Is Not Logged In" library="signinObject">
<kw name="Wait Until Element Is Visible" library="AppiumLibrary">
<arg>${signIn_button_signinPage}</arg>
<doc>Waits until element specified with `locator` is visible.</doc>
<msg timestamp="20240109 15:26:18.080" level="INFO">xpath criteria: //android.widget.Button[@resource-id="com.example.myapplication:id/signIn"]</msg>
<status status="PASS" starttime="20240109 15:26:17.536" endtime="20240109 15:26:18.080"/>
</kw>
<status status="PASS" starttime="20240109 15:26:17.535" endtime="20240109 15:26:18.081"/>
</kw>
<status status="PASS" starttime="20240109 15:26:03.569" endtime="20240109 15:26:18.081"/>
</test>
<status status="PASS" starttime="20240109 15:25:29.253" endtime="20240109 15:26:18.083"/>
</suite>
<statistics>
<total>
<stat pass="3" fail="0" skip="0">All Tests</stat>
</total>
<tag>
</tag>
<suite>
<stat pass="3" fail="0" skip="0" id="s1" name="Signin">Signin</stat>
</suite>
</statistics>
<errors>
</errors>
</robot>
