<?xml version="1.0" encoding="UTF-8"?>
<robot generator="Robot 6.1.1 (Python 3.12.1 on win32)" generated="20240109 14:13:03.200" rpa="false" schemaversion="4">
<suite id="s1" name="Signin" source="F:\Mandiri\SanberCode\Team6-quiz4\suites\signin.robot">
<test id="s1-t1" name="User should be able to login with valid credentials" line="9">
<kw name="Open Flight Application" library="base">
<kw name="Open Application" library="AppiumLibrary">
<arg>remote_url=${REMOTE_URL}</arg>
<arg>platformName=${PLATFORM_NAME}</arg>
<arg>platformVersion=${PLATFORM_VERSION}</arg>
<arg>deviceName=${DEVICE_NAME}</arg>
<arg>appPackage=${APP_PACKAGE}</arg>
<arg>appActivity=${APP_ACTIVITY}</arg>
<doc>Opens a new application to given Appium server.
Capabilities of appium server, Android and iOS,
Please check https://github.com/appium/appium/blob/master/docs/en/writing-running-appium/server-args.md
| *Option*            | *Man.* | *Description*     |
| remote_url          | Yes    | Appium server url |
| alias               | no     | alias             |
| strict_ssl          | No     | allows you to send commands to an invalid certificate host like a self-signed one. |</doc>
<status status="PASS" starttime="20240109 14:13:03.569" endtime="20240109 14:13:13.094"/>
</kw>
<status status="PASS" starttime="20240109 14:13:03.569" endtime="20240109 14:13:13.094"/>
</kw>
<kw name="Click Sign In Button On Home Page" library="signinObject">
<kw name="Wait Until Element Is Visible" library="AppiumLibrary">
<arg>${signIn_button_homePage}</arg>
<doc>Waits until element specified with `locator` is visible.</doc>
<msg timestamp="20240109 14:13:14.416" level="INFO">xpath criteria: //android.widget.Button[@resource-id="com.example.myapplication:id/login"]</msg>
<status status="PASS" starttime="20240109 14:13:13.095" endtime="20240109 14:13:14.417"/>
</kw>
<kw name="Click Element" library="AppiumLibrary">
<arg>${signIn_button_homePage}</arg>
<doc>Click element identified by `locator`.</doc>
<msg timestamp="20240109 14:13:14.420" level="INFO">Clicking element '//android.widget.Button[@resource-id="com.example.myapplication:id/login"]'.</msg>
<msg timestamp="20240109 14:13:14.565" level="INFO">xpath criteria: //android.widget.Button[@resource-id="com.example.myapplication:id/login"]</msg>
<status status="PASS" starttime="20240109 14:13:14.417" endtime="20240109 14:13:14.565"/>
</kw>
<status status="PASS" starttime="20240109 14:13:13.095" endtime="20240109 14:13:14.565"/>
</kw>
<kw name="Verify Login Page Appears" library="signinObject">
<kw name="Wait Until Element Is Visible" library="AppiumLibrary">
<arg>${email_input_signinPage}</arg>
<doc>Waits until element specified with `locator` is visible.</doc>
<msg timestamp="20240109 14:13:15.510" level="INFO">xpath criteria: //android.widget.EditText[@resource-id="com.example.myapplication:id/username"]
xpath criteria: //android.widget.EditText[@resource-id="com.example.myapplication:id/username"]</msg>
<status status="PASS" starttime="20240109 14:13:14.566" endtime="20240109 14:13:15.510"/>
</kw>
<status status="PASS" starttime="20240109 14:13:14.565" endtime="20240109 14:13:15.511"/>
</kw>
<kw name="Input Email On Login Page" library="signinObject">
<arg>${VALID_EMAIL}</arg>
<kw name="Input Text" library="AppiumLibrary">
<arg>${email_input_signinPage}</arg>
<arg>${email}</arg>
<doc>Types the given `text` into text field identified by `locator`.</doc>
<msg timestamp="20240109 14:13:15.513" level="INFO">Typing text 'support@ngendigital.com' into text field '//android.widget.EditText[@resource-id="com.example.myapplication:id/username"]'</msg>
<msg timestamp="20240109 14:13:15.595" level="INFO">xpath criteria: //android.widget.EditText[@resource-id="com.example.myapplication:id/username"]</msg>
<status status="PASS" starttime="20240109 14:13:15.512" endtime="20240109 14:13:15.595"/>
</kw>
<status status="PASS" starttime="20240109 14:13:15.512" endtime="20240109 14:13:15.595"/>
</kw>
<kw name="Input Password On Login Page" library="signinObject">
<arg>${VALID_PASSWORD}</arg>
<kw name="Input Text" library="AppiumLibrary">
<arg>${password_input_signinPage}</arg>
<arg>${password}</arg>
<doc>Types the given `text` into text field identified by `locator`.</doc>
<msg timestamp="20240109 14:13:15.597" level="INFO">Typing text 'abc123' into text field '//android.widget.EditText[@resource-id="com.example.myapplication:id/password"]'</msg>
<msg timestamp="20240109 14:13:16.164" level="INFO">xpath criteria: //android.widget.EditText[@resource-id="com.example.myapplication:id/password"]</msg>
<status status="PASS" starttime="20240109 14:13:15.596" endtime="20240109 14:13:16.164"/>
</kw>
<status status="PASS" starttime="20240109 14:13:15.595" endtime="20240109 14:13:16.164"/>
</kw>
<kw name="Click Sign In Button On Login Page" library="signinObject">
<kw name="Click Element" library="AppiumLibrary">
<arg>${signIn_button_signinPage}</arg>
<doc>Click element identified by `locator`.</doc>
<msg timestamp="20240109 14:13:16.167" level="INFO">Clicking element '//android.widget.Button[@resource-id="com.example.myapplication:id/signIn"]'.</msg>
<msg timestamp="20240109 14:13:16.732" level="INFO">xpath criteria: //android.widget.Button[@resource-id="com.example.myapplication:id/signIn"]</msg>
<status status="PASS" starttime="20240109 14:13:16.165" endtime="20240109 14:13:16.732"/>
</kw>
<status status="PASS" starttime="20240109 14:13:16.165" endtime="20240109 14:13:16.732"/>
</kw>
<kw name="Verify User Is Logged In" library="signinObject">
<kw name="Wait Until Element Is Visible" library="AppiumLibrary">
<arg>${username_text_homePage}</arg>
<doc>Waits until element specified with `locator` is visible.</doc>
<msg timestamp="20240109 14:13:17.441" level="INFO">xpath criteria: //android.widget.TextView[@resource-id="com.example.myapplication:id/textView"]
xpath criteria: //android.widget.TextView[@resource-id="com.example.myapplication:id/textView"]</msg>
<status status="PASS" starttime="20240109 14:13:16.733" endtime="20240109 14:13:17.441"/>
</kw>
<status status="PASS" starttime="20240109 14:13:16.733" endtime="20240109 14:13:17.441"/>
</kw>
<kw name="Close Flight Application" library="base">
<kw name="Close Application" library="AppiumLibrary">
<doc>Closes the current application and also close webdriver session.</doc>
<status status="PASS" starttime="20240109 14:13:17.441" endtime="20240109 14:13:18.162"/>
</kw>
<status status="PASS" starttime="20240109 14:13:17.441" endtime="20240109 14:13:18.162"/>
</kw>
<status status="PASS" starttime="20240109 14:13:03.568" endtime="20240109 14:13:18.164"/>
</test>
<status status="PASS" starttime="20240109 14:13:03.202" endtime="20240109 14:13:18.167"/>
</suite>
<statistics>
<total>
<stat pass="1" fail="0" skip="0">All Tests</stat>
</total>
<tag>
</tag>
<suite>
<stat pass="1" fail="0" skip="0" id="s1" name="Signin">Signin</stat>
</suite>
</statistics>
<errors>
</errors>
</robot>
